<?xml version="1.0" encoding="UTF-8"?>
<testsuites name="Test Suite 01 - Data Driven Upload - Positive" time="68.866" tests="6" failures="0" errors="0">
   <testsuite name="Test Suite 01 - Data Driven Upload - Positive" tests="6" failures="0" errors="0" time="68.866" skipped="0" timestamp="2023-01-21 18:56:40" hostname="User-PC - DESKTOP-NJ1DL4D" id="Test Suites/Test Suite 01 - Data Driven Upload - Positive">
      <properties>
         <property name="deviceName" value=""/>
         <property name="devicePlatform" value=""/>
         <property name="logFolder" value="C:\\Users\\User-PC\\git\\TheInternetAutomation\\Reports\\20230121_185638\\Test Suite 01 - Data Driven Upload - Positive\\20230121_185638"/>
         <property name="logFiles" value="C:\\Users\\User-PC\\git\\TheInternetAutomation\\Reports\\20230121_185638\\Test Suite 01 - Data Driven Upload - Positive\\20230121_185638\\execution0.log"/>
         <property name="attachments" value=""/>
         <property name="hostName" value="User-PC - DESKTOP-NJ1DL4D"/>
         <property name="os" value="Windows 10 64bit"/>
         <property name="katalonVersion" value="8.5.5.208"/>
         <property name="browser" value="Chrome 109.0.0.0"/>
         <property name="hostAddress" value="192.168.1.9"/>
         <property name="sessionId" value="512b783fa8f574d9ea222ff69e7a0ccd"/>
         <property name="seleniumVersion" value="3.141.59"/>
         <property name="proxyInformation" value="ProxyInformation { proxyOption=NO_PROXY, proxyServerType=HTTP, username=, password=********, proxyServerAddress=, proxyServerPort=0, executionList=&quot;&quot;, isApplyToDesiredCapabilities=true }"/>
         <property name="platform" value="Windows 10"/>
      </properties>
      <testcase name="Test Cases/TC02 - Upload File - Data Driven - Positive" time="14.038" classname="Test Cases/TC02 - Upload File - Data Driven - Positive" status="PASSED">
         <system-out><![CDATA[2023-01-21 18:56:41 - [TEST_CASE][PASSED] - Test Cases/TC02 - Upload File - Data Driven - Positive: Test Cases/TC02 - Upload File - Data Driven - Positive

2023-01-21 18:56:41 - [TEST_STEP][PASSED] - openBrowser(""): Browser is opened with url: ''

2023-01-21 18:56:42 - [MESSAGE][INFO] - Starting 'Chrome' driver

2023-01-21 18:56:42 - [MESSAGE][INFO] - Action delay is set to 0 milliseconds

2023-01-21 18:56:44 - [MESSAGE][PASSED] - Browser is opened with url: ''

2023-01-21 18:56:44 - [TEST_STEP][PASSED] - navigateToUrl("http://the-internet.herokuapp.com/"): Navigate to 'http://the-internet.herokuapp.com/' successfully

2023-01-21 18:56:47 - [MESSAGE][PASSED] - Navigate to 'http://the-internet.herokuapp.com/' successfully

2023-01-21 18:56:47 - [TEST_STEP][PASSED] - click(findTestObject("Object Repository/Page_The Internet/a_File Upload")): Object: 'Object Repository/Page_The Internet/a_File Upload' is clicked on

2023-01-21 18:56:48 - [MESSAGE][PASSED] - Object: 'Object Repository/Page_The Internet/a_File Upload' is clicked on

2023-01-21 18:56:48 - [TEST_STEP][PASSED] - uploadFile(findTestObject("Object Repository/Page_The Internet/choose_file"), PathLocal): File 'C:\Users\User-PC\Downloads\Picture\Kanagawa.jpg' sent to object: 'Object Repository/Page_The Internet/choose_file'

2023-01-21 18:56:48 - [MESSAGE][PASSED] - File 'C:\Users\User-PC\Downloads\Picture\Kanagawa.jpg' sent to object: 'Object Repository/Page_The Internet/choose_file'

2023-01-21 18:56:48 - [TEST_STEP][PASSED] - click(findTestObject("Object Repository/Page_The Internet/button_Upload")): Object: 'Object Repository/Page_The Internet/button_Upload' is clicked on

2023-01-21 18:56:54 - [MESSAGE][PASSED] - Object: 'Object Repository/Page_The Internet/button_Upload' is clicked on

2023-01-21 18:56:54 - [TEST_STEP][PASSED] - verifyTextPresent("File Uploaded!", false): Text 'File Uploaded!' is present on page 

2023-01-21 18:56:55 - [MESSAGE][PASSED] - Text 'File Uploaded!' is present on page]]></system-out>
         <system-err><![CDATA[]]></system-err>
      </testcase>
      <testcase name="Test Cases/TC02 - Upload File - Data Driven - Positive" time="10.071" classname="Test Cases/TC02 - Upload File - Data Driven - Positive" status="PASSED">
         <system-out><![CDATA[2023-01-21 18:56:55 - [TEST_CASE][PASSED] - Test Cases/TC02 - Upload File - Data Driven - Positive: Test Cases/TC02 - Upload File - Data Driven - Positive

2023-01-21 18:56:55 - [TEST_STEP][PASSED] - openBrowser(""): Browser is opened with url: ''

2023-01-21 18:56:55 - [MESSAGE][WARNING] - A browser is already opened. Closing browser and opening a new one

2023-01-21 18:56:56 - [MESSAGE][INFO] - Starting 'Chrome' driver

2023-01-21 18:56:56 - [MESSAGE][INFO] - Action delay is set to 0 milliseconds

2023-01-21 18:56:57 - [MESSAGE][PASSED] - Browser is opened with url: ''

2023-01-21 18:56:57 - [TEST_STEP][PASSED] - navigateToUrl("http://the-internet.herokuapp.com/"): Navigate to 'http://the-internet.herokuapp.com/' successfully

2023-01-21 18:57:00 - [MESSAGE][PASSED] - Navigate to 'http://the-internet.herokuapp.com/' successfully

2023-01-21 18:57:00 - [TEST_STEP][PASSED] - click(findTestObject("Object Repository/Page_The Internet/a_File Upload")): Object: 'Object Repository/Page_The Internet/a_File Upload' is clicked on

2023-01-21 18:57:01 - [MESSAGE][PASSED] - Object: 'Object Repository/Page_The Internet/a_File Upload' is clicked on

2023-01-21 18:57:01 - [TEST_STEP][PASSED] - uploadFile(findTestObject("Object Repository/Page_The Internet/choose_file"), PathLocal): File 'C:\Users\User-PC\Downloads\Picture\pic.jpg' sent to object: 'Object Repository/Page_The Internet/choose_file'

2023-01-21 18:57:01 - [MESSAGE][PASSED] - File 'C:\Users\User-PC\Downloads\Picture\pic.jpg' sent to object: 'Object Repository/Page_The Internet/choose_file'

2023-01-21 18:57:01 - [TEST_STEP][PASSED] - click(findTestObject("Object Repository/Page_The Internet/button_Upload")): Object: 'Object Repository/Page_The Internet/button_Upload' is clicked on

2023-01-21 18:57:05 - [MESSAGE][PASSED] - Object: 'Object Repository/Page_The Internet/button_Upload' is clicked on

2023-01-21 18:57:05 - [TEST_STEP][PASSED] - verifyTextPresent("File Uploaded!", false): Text 'File Uploaded!' is present on page 

2023-01-21 18:57:05 - [MESSAGE][PASSED] - Text 'File Uploaded!' is present on page]]></system-out>
         <system-err><![CDATA[]]></system-err>
      </testcase>
      <testcase name="Test Cases/TC02 - Upload File - Data Driven - Positive" time="8.61" classname="Test Cases/TC02 - Upload File - Data Driven - Positive" status="PASSED">
         <system-out><![CDATA[2023-01-21 18:57:05 - [TEST_CASE][PASSED] - Test Cases/TC02 - Upload File - Data Driven - Positive: Test Cases/TC02 - Upload File - Data Driven - Positive

2023-01-21 18:57:05 - [TEST_STEP][PASSED] - openBrowser(""): Browser is opened with url: ''

2023-01-21 18:57:05 - [MESSAGE][WARNING] - A browser is already opened. Closing browser and opening a new one

2023-01-21 18:57:06 - [MESSAGE][INFO] - Starting 'Chrome' driver

2023-01-21 18:57:06 - [MESSAGE][INFO] - Action delay is set to 0 milliseconds

2023-01-21 18:57:07 - [MESSAGE][PASSED] - Browser is opened with url: ''

2023-01-21 18:57:07 - [TEST_STEP][PASSED] - navigateToUrl("http://the-internet.herokuapp.com/"): Navigate to 'http://the-internet.herokuapp.com/' successfully

2023-01-21 18:57:10 - [MESSAGE][PASSED] - Navigate to 'http://the-internet.herokuapp.com/' successfully

2023-01-21 18:57:10 - [TEST_STEP][PASSED] - click(findTestObject("Object Repository/Page_The Internet/a_File Upload")): Object: 'Object Repository/Page_The Internet/a_File Upload' is clicked on

2023-01-21 18:57:11 - [MESSAGE][PASSED] - Object: 'Object Repository/Page_The Internet/a_File Upload' is clicked on

2023-01-21 18:57:11 - [TEST_STEP][PASSED] - uploadFile(findTestObject("Object Repository/Page_The Internet/choose_file"), PathLocal): File 'C:\Users\User-PC\Downloads\Picture\laptop.jpg' sent to object: 'Object Repository/Page_The Internet/choose_file'

2023-01-21 18:57:12 - [MESSAGE][PASSED] - File 'C:\Users\User-PC\Downloads\Picture\laptop.jpg' sent to object: 'Object Repository/Page_The Internet/choose_file'

2023-01-21 18:57:12 - [TEST_STEP][PASSED] - click(findTestObject("Object Repository/Page_The Internet/button_Upload")): Object: 'Object Repository/Page_The Internet/button_Upload' is clicked on

2023-01-21 18:57:13 - [MESSAGE][PASSED] - Object: 'Object Repository/Page_The Internet/button_Upload' is clicked on

2023-01-21 18:57:13 - [TEST_STEP][PASSED] - verifyTextPresent("File Uploaded!", false): Text 'File Uploaded!' is present on page 

2023-01-21 18:57:14 - [MESSAGE][PASSED] - Text 'File Uploaded!' is present on page]]></system-out>
         <system-err><![CDATA[]]></system-err>
      </testcase>
      <testcase name="Test Cases/TC02 - Upload File - Data Driven - Positive" time="12.756" classname="Test Cases/TC02 - Upload File - Data Driven - Positive" status="PASSED">
         <system-out><![CDATA[2023-01-21 18:57:14 - [TEST_CASE][PASSED] - Test Cases/TC02 - Upload File - Data Driven - Positive: Test Cases/TC02 - Upload File - Data Driven - Positive

2023-01-21 18:57:14 - [TEST_STEP][PASSED] - openBrowser(""): Browser is opened with url: ''

2023-01-21 18:57:14 - [MESSAGE][WARNING] - A browser is already opened. Closing browser and opening a new one

2023-01-21 18:57:14 - [MESSAGE][INFO] - Starting 'Chrome' driver

2023-01-21 18:57:14 - [MESSAGE][INFO] - Action delay is set to 0 milliseconds

2023-01-21 18:57:16 - [MESSAGE][PASSED] - Browser is opened with url: ''

2023-01-21 18:57:16 - [TEST_STEP][PASSED] - navigateToUrl("http://the-internet.herokuapp.com/"): Navigate to 'http://the-internet.herokuapp.com/' successfully

2023-01-21 18:57:19 - [MESSAGE][PASSED] - Navigate to 'http://the-internet.herokuapp.com/' successfully

2023-01-21 18:57:19 - [TEST_STEP][PASSED] - click(findTestObject("Object Repository/Page_The Internet/a_File Upload")): Object: 'Object Repository/Page_The Internet/a_File Upload' is clicked on

2023-01-21 18:57:20 - [MESSAGE][PASSED] - Object: 'Object Repository/Page_The Internet/a_File Upload' is clicked on

2023-01-21 18:57:20 - [TEST_STEP][PASSED] - uploadFile(findTestObject("Object Repository/Page_The Internet/choose_file"), PathLocal): File 'C:\Users\User-PC\Downloads\Picture\rx7.png' sent to object: 'Object Repository/Page_The Internet/choose_file'

2023-01-21 18:57:20 - [MESSAGE][PASSED] - File 'C:\Users\User-PC\Downloads\Picture\rx7.png' sent to object: 'Object Repository/Page_The Internet/choose_file'

2023-01-21 18:57:20 - [TEST_STEP][PASSED] - click(findTestObject("Object Repository/Page_The Internet/button_Upload")): Object: 'Object Repository/Page_The Internet/button_Upload' is clicked on

2023-01-21 18:57:26 - [MESSAGE][PASSED] - Object: 'Object Repository/Page_The Internet/button_Upload' is clicked on

2023-01-21 18:57:26 - [TEST_STEP][PASSED] - verifyTextPresent("File Uploaded!", false): Text 'File Uploaded!' is present on page 

2023-01-21 18:57:26 - [MESSAGE][PASSED] - Text 'File Uploaded!' is present on page]]></system-out>
         <system-err><![CDATA[]]></system-err>
      </testcase>
      <testcase name="Test Cases/TC02 - Upload File - Data Driven - Positive" time="12.145" classname="Test Cases/TC02 - Upload File - Data Driven - Positive" status="PASSED">
         <system-out><![CDATA[2023-01-21 18:57:26 - [TEST_CASE][PASSED] - Test Cases/TC02 - Upload File - Data Driven - Positive: Test Cases/TC02 - Upload File - Data Driven - Positive

2023-01-21 18:57:26 - [TEST_STEP][PASSED] - openBrowser(""): Browser is opened with url: ''

2023-01-21 18:57:26 - [MESSAGE][WARNING] - A browser is already opened. Closing browser and opening a new one

2023-01-21 18:57:27 - [MESSAGE][INFO] - Starting 'Chrome' driver

2023-01-21 18:57:27 - [MESSAGE][INFO] - Action delay is set to 0 milliseconds

2023-01-21 18:57:28 - [MESSAGE][PASSED] - Browser is opened with url: ''

2023-01-21 18:57:28 - [TEST_STEP][PASSED] - navigateToUrl("http://the-internet.herokuapp.com/"): Navigate to 'http://the-internet.herokuapp.com/' successfully

2023-01-21 18:57:31 - [MESSAGE][PASSED] - Navigate to 'http://the-internet.herokuapp.com/' successfully

2023-01-21 18:57:31 - [TEST_STEP][PASSED] - click(findTestObject("Object Repository/Page_The Internet/a_File Upload")): Object: 'Object Repository/Page_The Internet/a_File Upload' is clicked on

2023-01-21 18:57:32 - [MESSAGE][PASSED] - Object: 'Object Repository/Page_The Internet/a_File Upload' is clicked on

2023-01-21 18:57:32 - [TEST_STEP][PASSED] - uploadFile(findTestObject("Object Repository/Page_The Internet/choose_file"), PathLocal): File 'C:\Users\User-PC\Downloads\Picture\pizza.png' sent to object: 'Object Repository/Page_The Internet/choose_file'

2023-01-21 18:57:33 - [MESSAGE][PASSED] - File 'C:\Users\User-PC\Downloads\Picture\pizza.png' sent to object: 'Object Repository/Page_The Internet/choose_file'

2023-01-21 18:57:33 - [TEST_STEP][PASSED] - click(findTestObject("Object Repository/Page_The Internet/button_Upload")): Object: 'Object Repository/Page_The Internet/button_Upload' is clicked on

2023-01-21 18:57:38 - [MESSAGE][PASSED] - Object: 'Object Repository/Page_The Internet/button_Upload' is clicked on

2023-01-21 18:57:38 - [TEST_STEP][PASSED] - verifyTextPresent("File Uploaded!", false): Text 'File Uploaded!' is present on page 

2023-01-21 18:57:39 - [MESSAGE][PASSED] - Text 'File Uploaded!' is present on page]]></system-out>
         <system-err><![CDATA[]]></system-err>
      </testcase>
      <testcase name="Test Cases/TC02 - Upload File - Data Driven - Positive" time="10.755" classname="Test Cases/TC02 - Upload File - Data Driven - Positive" status="PASSED">
         <system-out><![CDATA[2023-01-21 18:57:39 - [TEST_CASE][PASSED] - Test Cases/TC02 - Upload File - Data Driven - Positive: Test Cases/TC02 - Upload File - Data Driven - Positive

2023-01-21 18:57:39 - [TEST_STEP][PASSED] - openBrowser(""): Browser is opened with url: ''

2023-01-21 18:57:39 - [MESSAGE][WARNING] - A browser is already opened. Closing browser and opening a new one

2023-01-21 18:57:39 - [MESSAGE][INFO] - Starting 'Chrome' driver

2023-01-21 18:57:39 - [MESSAGE][INFO] - Action delay is set to 0 milliseconds

2023-01-21 18:57:40 - [MESSAGE][PASSED] - Browser is opened with url: ''

2023-01-21 18:57:40 - [TEST_STEP][PASSED] - navigateToUrl("http://the-internet.herokuapp.com/"): Navigate to 'http://the-internet.herokuapp.com/' successfully

2023-01-21 18:57:44 - [MESSAGE][PASSED] - Navigate to 'http://the-internet.herokuapp.com/' successfully

2023-01-21 18:57:44 - [TEST_STEP][PASSED] - click(findTestObject("Object Repository/Page_The Internet/a_File Upload")): Object: 'Object Repository/Page_The Internet/a_File Upload' is clicked on

2023-01-21 18:57:45 - [MESSAGE][PASSED] - Object: 'Object Repository/Page_The Internet/a_File Upload' is clicked on

2023-01-21 18:57:45 - [TEST_STEP][PASSED] - uploadFile(findTestObject("Object Repository/Page_The Internet/choose_file"), PathLocal): File 'C:\Users\User-PC\Downloads\Picture\cola.png' sent to object: 'Object Repository/Page_The Internet/choose_file'

2023-01-21 18:57:45 - [MESSAGE][PASSED] - File 'C:\Users\User-PC\Downloads\Picture\cola.png' sent to object: 'Object Repository/Page_The Internet/choose_file'

2023-01-21 18:57:45 - [TEST_STEP][PASSED] - click(findTestObject("Object Repository/Page_The Internet/button_Upload")): Object: 'Object Repository/Page_The Internet/button_Upload' is clicked on

2023-01-21 18:57:49 - [MESSAGE][PASSED] - Object: 'Object Repository/Page_The Internet/button_Upload' is clicked on

2023-01-21 18:57:49 - [TEST_STEP][PASSED] - verifyTextPresent("File Uploaded!", false): Text 'File Uploaded!' is present on page 

2023-01-21 18:57:49 - [MESSAGE][PASSED] - Text 'File Uploaded!' is present on page]]></system-out>
         <system-err><![CDATA[]]></system-err>
      </testcase>
      <system-out><![CDATA[2023-01-21 18:56:40 - [TEST_SUITE][PASSED] - Test Suite 01 - Data Driven Upload - Positive: Test Cases/TC02 - Upload File - Data Driven - Positive]]></system-out>
      <system-err><![CDATA[]]></system-err>
   </testsuite>
</testsuites>
